4
[u"eff-bot's Daily Python URL"]
[u"O'Reilly Python Center"]
[u"Python Developer's Guide"]
[u'Social Bug']
22
[u'Core Python Programming']
[u'Data Structures and Algorithms with Object-Oriented Design Patterns in Python']
[u'Dive Into Python 3']
[u'Foundations of Python Network Programming']
[u'Free Python books']
[u'FreeTechBooks: Python Scripting Language']
[u'How to Think Like a Computer Scientist: Learning with Python']
[u'An Introduction to Python']
[u'Learn to Program Using Python']
[u'Making Use of Python']
[u'Practical Python']
[u'Pro Python System Administration']
[u'Programming in Python 3 (Second Edition)']
[u'Python 2.1 Bible']
[u'Python 3 Object Oriented Programming']
[u'Python Language Reference Manual']
[u'Python Programming Patterns']
[u'Python Programming with the Java Class Libraries: A Tutorial for Building Web and Enterprise Applications with Jython']
[u'Python: Visual QuickStart Guide']
[u'Sams Teach Yourself Python in 24 Hours']
[u'Text Processing in Python']
[u'XML Processing with Python']
